# JRE version: Java(TM) SE Runtime Environment (8.0_291-b10) (build 1.8.0_291-b10)
# Java VM: Java HotSpot(TM) 64-Bit Server VM (25.291-b10 mixed mode windows-amd64 compressed oops)
Heap:
 PSYoungGen      total 194048K, used 53992K [0x00000000d5580000, 0x00000000e5a00000, 0x0000000100000000)
  eden space 173056K, 31% used [0x00000000d5580000,0x00000000d8a3a260,0x00000000dfe80000)
  from space 20992K, 0% used [0x00000000e1e00000,0x00000000e1e00000,0x00000000e3280000)
  to   space 32256K, 0% used [0x00000000dfe80000,0x00000000dfe80000,0x00000000e1e00000)
 ParOldGen       total 56320K, used 40637K [0x0000000080000000, 0x0000000083700000, 0x00000000d5580000)
  object space 56320K, 72% used [0x0000000080000000,0x00000000827af610,0x0000000083700000)
 Metaspace       used 33481K, capacity 34438K, committed 34736K, reserved 1079296K
  class space    used 4482K, capacity 4706K, committed 4784K, reserved 1048576K
GC Heap History (10 events):
Event: 10.903 GC heap before
{Heap before GC invocations=10 (full 1):
 PSYoungGen      total 118784K, used 118518K [0x00000000d5580000, 0x00000000dd700000, 0x0000000100000000)
  eden space 107520K, 100% used [0x00000000d5580000,0x00000000dbe80000,0x00000000dbe80000)
  from space 11264K, 97% used [0x00000000dcc00000,0x00000000dd6bdb88,0x00000000dd700000)
  to   space 12288K, 0% used [0x00000000dbf00000,0x00000000dbf00000,0x00000000dcb00000)
 ParOldGen       total 56320K, used 8565K [0x0000000080000000, 0x0000000083700000, 0x00000000d5580000)
  object space 56320K, 15% used [0x0000000080000000,0x000000008085d680,0x0000000083700000)
 Metaspace       used 32430K, capacity 33318K, committed 33584K, reserved 1079296K
  class space    used 4360K, capacity 4598K, committed 4656K, reserved 1048576K
Event: 10.920 GC heap after
Heap after GC invocations=10 (full 1):
 PSYoungGen      total 120320K, used 12282K [0x00000000d5580000, 0x00000000e0280000, 0x0000000100000000)
  eden space 108032K, 0% used [0x00000000d5580000,0x00000000d5580000,0x00000000dbf00000)
  from space 12288K, 99% used [0x00000000dbf00000,0x00000000dcafebb8,0x00000000dcb00000)
  to   space 16384K, 0% used [0x00000000df280000,0x00000000df280000,0x00000000e0280000)
 ParOldGen       total 56320K, used 14469K [0x0000000080000000, 0x0000000083700000, 0x00000000d5580000)
  object space 56320K, 25% used [0x0000000080000000,0x0000000080e21680,0x0000000083700000)
 Metaspace       used 32430K, capacity 33318K, committed 33584K, reserved 1079296K
  class space    used 4360K, capacity 4598K, committed 4656K, reserved 1048576K
}
Event: 14.264 GC heap before
{Heap before GC invocations=11 (full 1):
 PSYoungGen      total 120320K, used 120314K [0x00000000d5580000, 0x00000000e0280000, 0x0000000100000000)
  eden space 108032K, 100% used [0x00000000d5580000,0x00000000dbf00000,0x00000000dbf00000)
  from space 12288K, 99% used [0x00000000dbf00000,0x00000000dcafebb8,0x00000000dcb00000)
  to   space 16384K, 0% used [0x00000000df280000,0x00000000df280000,0x00000000e0280000)
 ParOldGen       total 56320K, used 14469K [0x0000000080000000, 0x0000000083700000, 0x00000000d5580000)
  object space 56320K, 25% used [0x0000000080000000,0x0000000080e21680,0x0000000083700000)
 Metaspace       used 32465K, capacity 33318K, committed 33584K, reserved 1079296K
  class space    used 4367K, capacity 4598K, committed 4656K, reserved 1048576K
Event: 14.273 GC heap after
Heap after GC invocations=11 (full 1):
 PSYoungGen      total 153600K, used 8548K [0x00000000d5580000, 0x00000000dfe00000, 0x0000000100000000)
  eden space 141824K, 0% used [0x00000000d5580000,0x00000000d5580000,0x00000000de000000)
  from space 11776K, 72% used [0x00000000df280000,0x00000000dfad9050,0x00000000dfe00000)
  to   space 15360K, 0% used [0x00000000de000000,0x00000000de000000,0x00000000def00000)
 ParOldGen       total 56320K, used 19400K [0x0000000080000000, 0x0000000083700000, 0x00000000d5580000)
  object space 56320K, 34% used [0x0000000080000000,0x00000000812f2238,0x0000000083700000)
 Metaspace       used 32465K, capacity 33318K, committed 33584K, reserved 1079296K
  class space    used 4367K, capacity 4598K, committed 4656K, reserved 1048576K
}
Event: 18.369 GC heap before
{Heap before GC invocations=12 (full 1):
 PSYoungGen      total 153600K, used 150372K [0x00000000d5580000, 0x00000000dfe00000, 0x0000000100000000)
  eden space 141824K, 100% used [0x00000000d5580000,0x00000000de000000,0x00000000de000000)
  from space 11776K, 72% used [0x00000000df280000,0x00000000dfad9050,0x00000000dfe00000)
  to   space 15360K, 0% used [0x00000000de000000,0x00000000de000000,0x00000000def00000)
 ParOldGen       total 56320K, used 19400K [0x0000000080000000, 0x0000000083700000, 0x00000000d5580000)
  object space 56320K, 34% used [0x0000000080000000,0x00000000812f2238,0x0000000083700000)
 Metaspace       used 33159K, capacity 34094K, committed 34224K, reserved 1079296K
  class space    used 4459K, capacity 4668K, committed 4784K, reserved 1048576K
Event: 18.396 GC heap after
Heap after GC invocations=12 (full 1):
 PSYoungGen      total 157184K, used 15344K [0x00000000d5580000, 0x00000000e3280000, 0x0000000100000000)
  eden space 141824K, 0% used [0x00000000d5580000,0x00000000d5580000,0x00000000de000000)
  from space 15360K, 99% used [0x00000000de000000,0x00000000deefc070,0x00000000def00000)
  to   space 20992K, 0% used [0x00000000e1e00000,0x00000000e1e00000,0x00000000e3280000)
 ParOldGen       total 56320K, used 29035K [0x0000000080000000, 0x0000000083700000, 0x00000000d5580000)
  object space 56320K, 51% used [0x0000000080000000,0x0000000081c5ae90,0x0000000083700000)
 Metaspace       used 33159K, capacity 34094K, committed 34224K, reserved 1079296K
  class space    used 4459K, capacity 4668K, committed 4784K, reserved 1048576K
}
Event: 19.828 GC heap before
{Heap before GC invocations=13 (full 1):
 PSYoungGen      total 157184K, used 157168K [0x00000000d5580000, 0x00000000e3280000, 0x0000000100000000)
  eden space 141824K, 100% used [0x00000000d5580000,0x00000000de000000,0x00000000de000000)
  from space 15360K, 99% used [0x00000000de000000,0x00000000deefc070,0x00000000def00000)
  to   space 20992K, 0% used [0x00000000e1e00000,0x00000000e1e00000,0x00000000e3280000)
 ParOldGen       total 56320K, used 29035K [0x0000000080000000, 0x0000000083700000, 0x00000000d5580000)
  object space 56320K, 51% used [0x0000000080000000,0x0000000081c5ae90,0x0000000083700000)
 Metaspace       used 33475K, capacity 34438K, committed 34736K, reserved 1079296K
  class space    used 4482K, capacity 4706K, committed 4784K, reserved 1048576K
Event: 19.914 GC heap after
Heap after GC invocations=13 (full 1):
 PSYoungGen      total 194048K, used 20992K [0x00000000d5580000, 0x00000000e5a00000, 0x0000000100000000)
  eden space 173056K, 0% used [0x00000000d5580000,0x00000000d5580000,0x00000000dfe80000)
  from space 20992K, 100% used [0x00000000e1e00000,0x00000000e3280000,0x00000000e3280000)
  to   space 32256K, 0% used [0x00000000dfe80000,0x00000000dfe80000,0x00000000e1e00000)
 ParOldGen       total 56320K, used 51259K [0x0000000080000000, 0x0000000083700000, 0x00000000d5580000)
  object space 56320K, 91% used [0x0000000080000000,0x000000008320ef80,0x0000000083700000)
 Metaspace       used 33475K, capacity 34438K, committed 34736K, reserved 1079296K
  class space    used 4482K, capacity 4706K, committed 4784K, reserved 1048576K
}
Event: 19.914 GC heap before
{Heap before GC invocations=14 (full 2):
 PSYoungGen      total 194048K, used 20992K [0x00000000d5580000, 0x00000000e5a00000, 0x0000000100000000)
  eden space 173056K, 0% used [0x00000000d5580000,0x00000000d5580000,0x00000000dfe80000)
  from space 20992K, 100% used [0x00000000e1e00000,0x00000000e3280000,0x00000000e3280000)
  to   space 32256K, 0% used [0x00000000dfe80000,0x00000000dfe80000,0x00000000e1e00000)
 ParOldGen       total 56320K, used 51259K [0x0000000080000000, 0x0000000083700000, 0x00000000d5580000)
  object space 56320K, 91% used [0x0000000080000000,0x000000008320ef80,0x0000000083700000)
 Metaspace       used 33475K, capacity 34438K, committed 34736K, reserved 1079296K
  class space    used 4482K, capacity 4706K, committed 4784K, reserved 1048576K
Event: 19.971 GC heap after
Heap after GC invocations=14 (full 2):
 PSYoungGen      total 194048K, used 0K [0x00000000d5580000, 0x00000000e5a00000, 0x0000000100000000)
  eden space 173056K, 0% used [0x00000000d5580000,0x00000000d5580000,0x00000000dfe80000)
  from space 20992K, 0% used [0x00000000e1e00000,0x00000000e1e00000,0x00000000e3280000)
  to   space 32256K, 0% used [0x00000000dfe80000,0x00000000dfe80000,0x00000000e1e00000)
 ParOldGen       total 56320K, used 40637K [0x0000000080000000, 0x0000000083700000, 0x00000000d5580000)
  object space 56320K, 72% used [0x0000000080000000,0x00000000827af610,0x0000000083700000)
 Metaspace       used 33475K, capacity 34438K, committed 34736K, reserved 1079296K
  class space    used 4482K, capacity 4706K, committed 4784K, reserved 1048576K
}

